[debug] [2022-11-18T23:44:00.382Z] ----------------------------------------------------------------------
[debug] [2022-11-18T23:44:00.384Z] Command:       C:\Program Files\nodejs\node.exe C:\Users\palla\AppData\Roaming\npm\node_modules\firebase-tools\lib\bin\firebase.js init
[debug] [2022-11-18T23:44:00.385Z] CLI Version:   11.16.0
[debug] [2022-11-18T23:44:00.385Z] Platform:      win32
[debug] [2022-11-18T23:44:00.385Z] Node Version:  v19.0.1
[debug] [2022-11-18T23:44:00.385Z] Time:          Fri Nov 18 2022 18:44:00 GMT-0500 (Eastern Standard Time)
[debug] [2022-11-18T23:44:00.385Z] ----------------------------------------------------------------------
[debug] 
[debug] [2022-11-18T23:44:00.388Z] >>> [apiv2][query] GET https://firebase-public.firebaseio.com/cli.json [none]
[debug] [2022-11-18T23:44:00.423Z] > command requires scopes: ["email","openid","https://www.googleapis.com/auth/cloudplatformprojects.readonly","https://www.googleapis.com/auth/firebase","https://www.googleapis.com/auth/cloud-platform"]
[debug] [2022-11-18T23:44:00.423Z] > authorizing via signed-in user (pallavirehan98@gmail.com)
[info] 
     ######## #### ########  ######## ########     ###     ######  ########
     ##        ##  ##     ## ##       ##     ##  ##   ##  ##       ##
     ######    ##  ########  ######   ########  #########  ######  ######
     ##        ##  ##    ##  ##       ##     ## ##     ##       ## ##
     ##       #### ##     ## ######## ########  ##     ##  ######  ########

You're about to initialize a Firebase project in this directory:

  C:\Users\palla\Downloads\lab4

[debug] [2022-11-18T23:44:00.598Z] <<< [apiv2][status] GET https://firebase-public.firebaseio.com/cli.json 200
[debug] [2022-11-18T23:44:00.599Z] <<< [apiv2][body] GET https://firebase-public.firebaseio.com/cli.json {"cloudBuildErrorAfter":1594252800000,"cloudBuildWarnAfter":1590019200000,"defaultNode10After":1594252800000,"minVersion":"3.0.5","node8DeploysDisabledAfter":1613390400000,"node8RuntimeDisabledAfter":1615809600000,"node8WarnAfter":1600128000000}
[info] 
=== Project Setup
[info] 
[info] First, let's associate this project directory with a Firebase project.
[info] You can create multiple project aliases by running firebase use --add, 
[info] but for now we'll just set up a default project.
[info] 
[debug] [2022-11-18T23:44:27.900Z] > refreshing access token with scopes: []
[debug] [2022-11-18T23:44:27.901Z] >>> [apiv2][query] POST https://www.googleapis.com/oauth2/v3/token [none]
[debug] [2022-11-18T23:44:27.902Z] >>> [apiv2][body] POST https://www.googleapis.com/oauth2/v3/token [omitted]
[debug] [2022-11-18T23:44:28.186Z] <<< [apiv2][status] POST https://www.googleapis.com/oauth2/v3/token 200
[debug] [2022-11-18T23:44:28.187Z] <<< [apiv2][body] POST https://www.googleapis.com/oauth2/v3/token [omitted]
[debug] [2022-11-18T23:44:28.197Z] >>> [apiv2][query] GET https://firebase.googleapis.com/v1beta1/projects pageSize=100
[debug] [2022-11-18T23:44:28.891Z] <<< [apiv2][status] GET https://firebase.googleapis.com/v1beta1/projects 200
[debug] [2022-11-18T23:44:28.891Z] <<< [apiv2][body] GET https://firebase.googleapis.com/v1beta1/projects [omitted]
[info] i  Using project short-video-mern-c409a (short-video-mern) 
[info] 
=== Hosting Setup
[info] 
[info] Your public directory is the folder (relative to your project directory) that
[info] will contain Hosting assets to be uploaded with firebase deploy. If you
[info] have a build process for your assets, use your build's output directory.
[info] 
[debug] [2022-11-18T23:44:55.206Z] >>> [apiv2][query] GET https://www.gstatic.com/firebasejs/releases.json [none]
[debug] [2022-11-18T23:44:55.510Z] <<< [apiv2][status] GET https://www.gstatic.com/firebasejs/releases.json 200
[debug] [2022-11-18T23:44:55.510Z] <<< [apiv2][body] GET https://www.gstatic.com/firebasejs/releases.json {"current":{"version":"9.14.0","browserURL":"https://www.gstatic.com/firebasejs/9.14.0/firebase.js","packageURL":"https://www.gstatic.com/firebasejs/9.14.0/firebase.tgz"},"live":{"version":"9.14","browserURL":"https://www.gstatic.com/firebasejs/live/9.14/firebase.js","packageURL":"https://www.gstatic.com/firebasejs/live/9.14/firebase.tgz"},"components":{"analytics":"https://www.gstatic.com/firebasejs/9.14.0/firebase-analytics.js","app":"https://www.gstatic.com/firebasejs/9.14.0/firebase-app.js","app-check":"https://www.gstatic.com/firebasejs/9.14.0/firebase-app-check.js","auth":"https://www.gstatic.com/firebasejs/9.14.0/firebase-auth.js","auth/cordova":"https://www.gstatic.com/firebasejs/9.14.0/firebase-auth/cordova.js","auth/react-native":"https://www.gstatic.com/firebasejs/9.14.0/firebase-auth/react-native.js","functions":"https://www.gstatic.com/firebasejs/9.14.0/firebase-functions.js","firestore":"https://www.gstatic.com/firebasejs/9.14.0/firebase-firestore.js","firestore/lite":"https://www.gstatic.com/firebasejs/9.14.0/firebase-firestore/lite.js","installations":"https://www.gstatic.com/firebasejs/9.14.0/firebase-installations.js","storage":"https://www.gstatic.com/firebasejs/9.14.0/firebase-storage.js","performance":"https://www.gstatic.com/firebasejs/9.14.0/firebase-performance.js","remote-config":"https://www.gstatic.com/firebasejs/9.14.0/firebase-remote-config.js","messaging":"https://www.gstatic.com/firebasejs/9.14.0/firebase-messaging.js","messaging/sw":"https://www.gstatic.com/firebasejs/9.14.0/firebase-messaging/sw.js","database":"https://www.gstatic.com/firebasejs/9.14.0/firebase-database.js","firestore.memory":"https://www.gstatic.com/firebasejs/9.14.0/firebase-firestore.memory.js"}}
[info] +  Wrote build/index.html 
[info] 
[info] i  Didn't detect a .git folder. Assuming C:\Users\palla\Downloads\lab4 is the project root. 
[info] i  Authorizing with GitHub to upload your service account to a GitHub repository's secrets store. 
[info] 
[info] Visit this URL on this device to log in:
[info] https://github.com/login/oauth/authorize?client_id=89cf50f02ac6aaed3484&state=754522140&redirect_uri=http%3A%2F%2Flocalhost%3A9005&scope=read%3Auser%20repo%20public_repo
[info] 
[info] Waiting for authentication...
[debug] [2022-11-18T23:44:59.390Z] >>> [apiv2][query] POST https://github.com/login/oauth/access_token [none]
[debug] [2022-11-18T23:44:59.391Z] >>> [apiv2][body] POST https://github.com/login/oauth/access_token [stream]
[debug] [2022-11-18T23:44:59.918Z] <<< [apiv2][status] POST https://github.com/login/oauth/access_token 200
[debug] [2022-11-18T23:44:59.919Z] <<< [apiv2][body] POST https://github.com/login/oauth/access_token {"access_token":"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","token_type":"bearer","scope":"read:user,repo"}
[debug] [2022-11-18T23:44:59.929Z] >>> [apiv2][query] GET https://api.github.com/user [none]
[debug] [2022-11-18T23:45:00.221Z] <<< [apiv2][status] GET https://api.github.com/user 200
[debug] [2022-11-18T23:45:00.222Z] <<< [apiv2][body] GET https://api.github.com/user {"login":"PallaviPallavi7","id":113728396,"node_id":"U_kgDOBsdbjA","avatar_url":"https://avatars.githubusercontent.com/u/113728396?v=4","gravatar_id":"","url":"https://api.github.com/users/PallaviPallavi7","html_url":"https://github.com/PallaviPallavi7","followers_url":"https://api.github.com/users/PallaviPallavi7/followers","following_url":"https://api.github.com/users/PallaviPallavi7/following{/other_user}","gists_url":"https://api.github.com/users/PallaviPallavi7/gists{/gist_id}","starred_url":"https://api.github.com/users/PallaviPallavi7/starred{/owner}{/repo}","subscriptions_url":"https://api.github.com/users/PallaviPallavi7/subscriptions","organizations_url":"https://api.github.com/users/PallaviPallavi7/orgs","repos_url":"https://api.github.com/users/PallaviPallavi7/repos","events_url":"https://api.github.com/users/PallaviPallavi7/events{/privacy}","received_events_url":"https://api.github.com/users/PallaviPallavi7/received_events","type":"User","site_admin":false,"name":null,"company":null,"blog":"","location":null,"email":null,"hireable":null,"bio":null,"twitter_username":null,"public_repos":3,"public_gists":0,"followers":0,"following":0,"created_at":"2022-09-16T21:12:54Z","updated_at":"2022-11-18T23:26:24Z","private_gists":0,"total_private_repos":0,"owned_private_repos":0,"disk_usage":2313,"collaborators":0,"two_factor_authentication":false,"plan":{"name":"free","space":976562499,"collaborators":0,"private_repos":10000}}
[info] 
[info] +  Success! Logged into GitHub as PallaviPallavi7 
[info] 
